<?xml version="1.0" encoding="UTF-8"?>
<testsuite name="PostmanEchoTest" tests="1" skipped="0" failures="0" errors="0" timestamp="2021-10-24T15:34:10" hostname="DESKTOP-GAPUKHF" time="3.102">
  <properties/>
  <testcase name="shouldReturnDemoAccounts()" classname="PostmanEchoTest" time="3.102"/>
  <system-out><![CDATA[]]></system-out>
  <system-err><![CDATA[]]></system-err>
</testsuite>
